2021-01-21 23:15:03.106  INFO 1644 --- [restartedMain] com.aceboot.AceBootApplication           : Starting AceBootApplication using Java 1.8.0_275 on garlam-mbp with PID 1644 (/Users/garlam/IdeaProjects/ace-boot/target/classes started by garlam in /Users/garlam/IdeaProjects/ace-boot)
2021-01-21 23:15:03.107  INFO 1644 --- [restartedMain] com.aceboot.AceBootApplication           : The following profiles are active: dev
2021-01-21 23:15:03.141  INFO 1644 --- [restartedMain] .e.DevToolsPropertyDefaultsPostProcessor : Devtools property defaults active! Set 'spring.devtools.add-properties' to 'false' to disable
2021-01-21 23:15:03.141  INFO 1644 --- [restartedMain] .e.DevToolsPropertyDefaultsPostProcessor : For additional web related logging consider setting the 'logging.level.web' property to 'DEBUG'
2021-01-21 23:15:03.640  INFO 1644 --- [restartedMain] o.s.b.w.embedded.tomcat.TomcatWebServer  : Tomcat initialized with port(s): 8088 (http)
2021-01-21 23:15:03.644  INFO 1644 --- [restartedMain] o.apache.catalina.core.StandardService   : Starting service [Tomcat]
2021-01-21 23:15:03.645  INFO 1644 --- [restartedMain] org.apache.catalina.core.StandardEngine  : Starting Servlet engine: [Apache Tomcat/9.0.41]
2021-01-21 23:15:03.669  INFO 1644 --- [restartedMain] o.a.c.c.C.[Tomcat].[localhost].[/]       : Initializing Spring embedded WebApplicationContext
2021-01-21 23:15:03.669  INFO 1644 --- [restartedMain] w.s.c.ServletWebServerApplicationContext : Root WebApplicationContext: initialization completed in 527 ms
2021-01-21 23:15:03.885  INFO 1644 --- [restartedMain] o.s.s.web.DefaultSecurityFilterChain     : Will secure Ant [pattern='/v2/api-docs'] with []
2021-01-21 23:15:03.885  INFO 1644 --- [restartedMain] o.s.s.web.DefaultSecurityFilterChain     : Will secure Ant [pattern='/swagger-resources/configuration/ui'] with []
2021-01-21 23:15:03.885  INFO 1644 --- [restartedMain] o.s.s.web.DefaultSecurityFilterChain     : Will secure Ant [pattern='/swagger-resources'] with []
2021-01-21 23:15:03.885  INFO 1644 --- [restartedMain] o.s.s.web.DefaultSecurityFilterChain     : Will secure Ant [pattern='/swagger-resources/configuration/security'] with []
2021-01-21 23:15:03.885  INFO 1644 --- [restartedMain] o.s.s.web.DefaultSecurityFilterChain     : Will secure Ant [pattern='/swagger-resources/**'] with []
2021-01-21 23:15:03.886  INFO 1644 --- [restartedMain] o.s.s.web.DefaultSecurityFilterChain     : Will secure Ant [pattern='/swagger-ui.html'] with []
2021-01-21 23:15:03.901  INFO 1644 --- [restartedMain] o.s.s.web.DefaultSecurityFilterChain     : Will secure any request with [org.springframework.security.web.context.request.async.WebAsyncManagerIntegrationFilter@d80da0c, org.springframework.security.web.context.SecurityContextPersistenceFilter@2b66ee4c, org.springframework.security.web.header.HeaderWriterFilter@49a11749, org.springframework.security.web.authentication.logout.LogoutFilter@33414841, org.springframework.security.web.authentication.UsernamePasswordAuthenticationFilter@5e44dbba, org.springframework.security.web.authentication.ui.DefaultLoginPageGeneratingFilter@3bd681c0, org.springframework.security.web.authentication.ui.DefaultLogoutPageGeneratingFilter@5204d9ed, org.springframework.security.web.savedrequest.RequestCacheAwareFilter@376222e8, org.springframework.security.web.servletapi.SecurityContextHolderAwareRequestFilter@7d46e9e5, org.springframework.security.web.authentication.rememberme.RememberMeAuthenticationFilter@fab09a5, org.springframework.security.web.authentication.AnonymousAuthenticationFilter@5b50429, org.springframework.security.web.session.SessionManagementFilter@1757f82b, org.springframework.security.web.access.ExceptionTranslationFilter@6624b916, org.springframework.security.web.access.intercept.FilterSecurityInterceptor@2ab2451a]
2021-01-21 23:15:03.913  INFO 1644 --- [restartedMain] pertySourcedRequestMappingHandlerMapping : Mapped URL path [/v2/api-docs] onto method [springfox.documentation.swagger2.web.Swagger2Controller#getDocumentation(String, HttpServletRequest)]
2021-01-21 23:15:03.948  INFO 1644 --- [restartedMain] o.s.s.concurrent.ThreadPoolTaskExecutor  : Initializing ExecutorService 'applicationTaskExecutor'
2021-01-21 23:15:03.964  INFO 1644 --- [restartedMain] o.s.b.d.a.OptionalLiveReloadServer       : LiveReload server is running on port 35729
2021-01-21 23:15:04.073  INFO 1644 --- [restartedMain] o.s.b.w.embedded.tomcat.TomcatWebServer  : Tomcat started on port(s): 8088 (http) with context path ''
2021-01-21 23:15:04.074  INFO 1644 --- [restartedMain] com.aceboot.util.IpUtil                  : onApplicationEvent: 
2021-01-21 23:15:04.074  INFO 1644 --- [restartedMain] d.s.w.p.DocumentationPluginsBootstrapper : Context refreshed
2021-01-21 23:15:04.082  INFO 1644 --- [restartedMain] d.s.w.p.DocumentationPluginsBootstrapper : Found 1 custom documentation plugin(s)
2021-01-21 23:15:04.099  INFO 1644 --- [restartedMain] s.d.s.w.s.ApiListingReferenceScanner     : Scanning for api listing references
2021-01-21 23:15:04.125  INFO 1644 --- [restartedMain] .d.s.w.r.o.CachingOperationNameGenerator : Generating unique operation named: getIndexUsingGET_1
2021-01-21 23:15:04.136  INFO 1644 --- [restartedMain] .d.s.w.r.o.CachingOperationNameGenerator : Generating unique operation named: getSwaggerUsingGET_1
2021-01-21 23:15:04.164  INFO 1644 --- [restartedMain] com.aceboot.AceBootApplication           : Started AceBootApplication in 1.313 seconds (JVM running for 1.637)
2021-01-21 23:15:04.166  INFO 1644 --- [restartedMain] com.aceboot.util.IpUtil                  : getClientHostInfo: 
2021-01-21 23:15:04.166  INFO 1644 --- [restartedMain] com.aceboot.util.MapUtil                 : iterateMapKeyset: 
2021-01-21 23:15:04.166  INFO 1644 --- [restartedMain] com.aceboot.util.MapUtil                 : Key: hostName
2021-01-21 23:15:04.166  INFO 1644 --- [restartedMain] com.aceboot.util.MapUtil                 : value: garlam-mbp
2021-01-21 23:15:04.166  INFO 1644 --- [restartedMain] com.aceboot.util.MapUtil                 : Key: port
2021-01-21 23:15:04.167  INFO 1644 --- [restartedMain] com.aceboot.util.MapUtil                 : value: 8088
2021-01-21 23:15:04.167  INFO 1644 --- [restartedMain] com.aceboot.util.MapUtil                 : Key: ip
2021-01-21 23:15:04.167  INFO 1644 --- [restartedMain] com.aceboot.util.MapUtil                 : value: 192.168.31.131
2021-01-21 23:15:04.167  INFO 1644 --- [restartedMain] com.aceboot.util.MapUtil                 : Key: domain
2021-01-21 23:15:04.167  INFO 1644 --- [restartedMain] com.aceboot.util.MapUtil                 : value: garlam-mbp
2021-01-21 23:15:04.167  INFO 1644 --- [restartedMain] com.aceboot.util.MapUtil                 : The Map size is : 4
2021-01-21 23:15:04.167  INFO 1644 --- [restartedMain] com.aceboot.util.MapUtil                 : key set : [hostName, port, ip, domain]
2021-01-21 23:15:04.167  INFO 1644 --- [restartedMain] com.aceboot.util.IpUtil                  : getClientHostInfo: 
2021-01-21 23:15:04.167  INFO 1644 --- [restartedMain] com.aceboot.config.BrowserConfig         : Home Page:		http://localhost:8088/
2021-01-21 23:15:04.167  INFO 1644 --- [restartedMain] com.aceboot.config.BrowserConfig         : Swagger2:		http://localhost:8088/swagger-ui.html
2021-01-21 23:15:04.294  INFO 1644 --- [http-nio-8088-exec-1] o.a.c.c.C.[Tomcat].[localhost].[/]       : Initializing Spring DispatcherServlet 'dispatcherServlet'
2021-01-21 23:15:04.294  INFO 1644 --- [http-nio-8088-exec-1] o.s.web.servlet.DispatcherServlet        : Initializing Servlet 'dispatcherServlet'
2021-01-21 23:15:04.295  INFO 1644 --- [http-nio-8088-exec-1] o.s.web.servlet.DispatcherServlet        : Completed initialization in 1 ms
2021-01-21 23:15:42.822  INFO 1644 --- [SpringContextShutdownHook] o.s.s.concurrent.ThreadPoolTaskExecutor  : Shutting down ExecutorService 'applicationTaskExecutor'
